<testsuite name="TestAssetsXunit.One.ClassOne" tests="2" failures="0" errors="0" skipped="0" time="0.0024508999999999998" >
<testcase classname="TestAssetsXunit.One.ClassOne" name="TestAssetsXunit.One.ClassOne.TestOneOnePass" outcome="Passed" time="0.0000556" />
<testcase classname="TestAssetsXunit.One.ClassOne" name="TestAssetsXunit.One.ClassOne.TestOneOnePassOutput" outcome="Passed" time="0.0023953" />
</testsuite>