<testsuite name="TestAssetsXunit.Two.ClassOne" tests="1" failures="0" errors="0" skipped="0" time="0.003563" >
<testcase classname="TestAssetsXunit.Two.ClassOne" name="TestAssetsXunit.Two.ClassOne.TestTwoOnePass" outcome="Passed" time="0.003563" />
</testsuite>