<testsuite name="TestAssetsNunit.Two.ClassTwo" tests="5" failures="1" errors="0" skipped="0" time="0.542154" >
<testcase classname="TestAssetsNunit.Two.ClassTwo" name="TestTwoTwoParametrized(4,2)" outcome="Passed" time="0.000021" />
<testcase classname="TestAssetsNunit.Two.ClassTwo" name="TestTwoTwoParametrized(2,1)" outcome="Passed" time="0.000218" />
<testcase classname="TestAssetsNunit.Two.ClassTwo" name="TestTwoTwoPass" outcome="Passed" time="0.000086" />
<testcase classname="TestAssetsNunit.Two.ClassTwo" name="TestTwoTwoParametrized(88,4)" outcome="Failed" time="0.000625"><failure>
MESSAGE:
  Assert.That(actual, Is.EqualTo(expected))
  Expected: 88
  But was:  8

+++++++++++++++++++
STACK TRACE:
   at NUnit.Framework.Legacy.ClassicAssert.AreEqual(Object expected, Object actual)
   at TestAssetsNunit.Two.ClassTwo.TestTwoTwoParametrized(Int32 expected, Int32 actual) in /home/runner/work/dotnet-test-split/dotnet-test-split/TestAssetsNunit/TestAssetsNunit.cs:line 80

1)    at NUnit.Framework.Legacy.ClassicAssert.AreEqual(Object expected, Object actual)
   at TestAssetsNunit.Two.ClassTwo.TestTwoTwoParametrized(Int32 expected, Int32 actual) in /home/runner/work/dotnet-test-split/dotnet-test-split/TestAssetsNunit/TestAssetsNunit.cs:line 80

</failure></testcase>
<testcase classname="TestAssetsNunit.Two.ClassTwo" name="TestTwoTwoLong" outcome="Passed" time="0.541204" />
</testsuite>