<testsuite name="TestAssetsNunit.Two.ClassTwo" tests="5" failures="1" errors="0" skipped="0" time="0.5430490000000001" >
<testcase classname="TestAssetsNunit.Two.ClassTwo" name="TestTwoTwoLong" outcome="Passed" time="0.54124" />
<testcase classname="TestAssetsNunit.Two.ClassTwo" name="TestTwoTwoParametrized(88,4)" outcome="Failed" time="0.000935"><failure>
MESSAGE:
  Assert.That(actual, Is.EqualTo(expected))
  Expected: 88
  But was:  8

+++++++++++++++++++
STACK TRACE:
   at NUnit.Framework.Legacy.ClassicAssert.AreEqual(Object expected, Object actual)
   at TestAssetsNunit.Two.ClassTwo.TestTwoTwoParametrized(Int32 expected, Int32 actual) in /home/runner/work/dotnet-test-split/dotnet-test-split/TestAssetsNunit/TestAssetsNunit.cs:line 80
   at InvokeStub_ClassTwo.TestTwoTwoParametrized(Object, Span`1)

1)    at NUnit.Framework.Legacy.ClassicAssert.AreEqual(Object expected, Object actual)
   at TestAssetsNunit.Two.ClassTwo.TestTwoTwoParametrized(Int32 expected, Int32 actual) in /home/runner/work/dotnet-test-split/dotnet-test-split/TestAssetsNunit/TestAssetsNunit.cs:line 80
   at InvokeStub_ClassTwo.TestTwoTwoParametrized(Object, Span`1)

</failure></testcase>
<testcase classname="TestAssetsNunit.Two.ClassTwo" name="TestTwoTwoParametrized(4,2)" outcome="Passed" time="0.000572" />
<testcase classname="TestAssetsNunit.Two.ClassTwo" name="TestTwoTwoPass" outcome="Passed" time="0.000108" />
<testcase classname="TestAssetsNunit.Two.ClassTwo" name="TestTwoTwoParametrized(2,1)" outcome="Passed" time="0.000194" />
</testsuite>