<testsuite name="TestAssetsNunit.Two.ClassOne" tests="1" failures="0" errors="0" skipped="0" time="5.2E-05" >
<testcase classname="TestAssetsNunit.Two.ClassOne" name="TestTwoOnePass" outcome="Passed" time="0.000052" />
</testsuite>