<testsuite name="TestAssetsNunit.Two.ClassTwo" tests="5" failures="1" errors="0" skipped="0" time="0.6074297000000001" >
<testcase classname="TestAssetsNunit.Two.ClassTwo" name="TestTwoTwoPass" outcome="Passed" time="0.0006739" />
<testcase classname="TestAssetsNunit.Two.ClassTwo" name="TestTwoTwoLong" outcome="Passed" time="0.5495562" />
<testcase classname="TestAssetsNunit.Two.ClassTwo" name="TestTwoTwoParametrized(2,1)" outcome="Passed" time="0.0000737" />
<testcase classname="TestAssetsNunit.Two.ClassTwo" name="TestTwoTwoParametrized(4,2)" outcome="Passed" time="0.0000071" />
<testcase classname="TestAssetsNunit.Two.ClassTwo" name="TestTwoTwoParametrized(88,4)" outcome="Failed" time="0.0272724"><failure>
MESSAGE:
  Expected: 88
  But was:  8

+++++++++++++++++++
STACK TRACE:
   at TestAssetsNunit.Two.ClassTwo.TestTwoTwoParametrized(Int32 expected, Int32 actual) in /home/runner/work/dotnet-test-split/dotnet-test-split/TestAssetsNunit/TestAssetsNunit.cs:line 80

1)    at TestAssetsNunit.Two.ClassTwo.TestTwoTwoParametrized(Int32 expected, Int32 actual) in /home/runner/work/dotnet-test-split/dotnet-test-split/TestAssetsNunit/TestAssetsNunit.cs:line 80

</failure></testcase>
</testsuite>