<testsuite name="TestAssetsMstest.One.ClassTwo" tests="6" failures="3" errors="0" skipped="2" time="0.0020571000000000274" >
<testcase classname="TestAssetsMstest.One.ClassTwo" name="TestOneTwoFailException" outcome="Failed" time="0.0004511"><failure>
MESSAGE:
Test method TestAssetsMstest.One.ClassTwo.TestOneTwoFailException threw exception: 
System.Exception: This is an exception message
+++++++++++++++++++
STACK TRACE:
    at TestAssetsMstest.One.ClassTwo.TestOneTwoFailException() in /home/runner/work/dotnet-test-split/dotnet-test-split/TestAssetsMstest/TestAssetsMstest.cs:line 51
   at System.RuntimeMethodHandle.InvokeMethod(Object target, Void** arguments, Signature sig, Boolean isConstructor)
   at System.Reflection.MethodBaseInvoker.InvokeWithNoArgs(Object obj, BindingFlags invokeAttr)
</failure></testcase>
<testcase classname="TestAssetsMstest.One.ClassTwo" name="TestOneOneIgnoredWithCause" outcome="NotExecuted" time="0.0000694999999999446"><skipped /></testcase>
<testcase classname="TestAssetsMstest.One.ClassTwo" name="TestOneTwoFail" outcome="Failed" time="0.000712"><failure>
MESSAGE:
Assert.AreEqual failed. Expected:&lt;1&gt;. Actual:&lt;2&gt;. 
+++++++++++++++++++
STACK TRACE:
   at TestAssetsMstest.One.ClassTwo.TestOneTwoFail() in /home/runner/work/dotnet-test-split/dotnet-test-split/TestAssetsMstest/TestAssetsMstest.cs:line 41
   at System.RuntimeMethodHandle.InvokeMethod(Object target, Void** arguments, Signature sig, Boolean isConstructor)
   at System.Reflection.MethodBaseInvoker.InvokeWithNoArgs(Object obj, BindingFlags invokeAttr)
</failure></testcase>
<testcase classname="TestAssetsMstest.One.ClassTwo" name="TestOneTwoFailMessage" outcome="Failed" time="0.0004418"><failure>
MESSAGE:
Assert.AreEqual failed. Expected:&lt;1&gt;. Actual:&lt;2&gt;. This is a failure message
+++++++++++++++++++
STACK TRACE:
   at TestAssetsMstest.One.ClassTwo.TestOneTwoFailMessage() in /home/runner/work/dotnet-test-split/dotnet-test-split/TestAssetsMstest/TestAssetsMstest.cs:line 46
   at System.RuntimeMethodHandle.InvokeMethod(Object target, Void** arguments, Signature sig, Boolean isConstructor)
   at System.Reflection.MethodBaseInvoker.InvokeWithNoArgs(Object obj, BindingFlags invokeAttr)
</failure></testcase>
<testcase classname="TestAssetsMstest.One.ClassTwo" name="TestOneOneIgnored" outcome="NotExecuted" time="0.00027700000000008273"><skipped /></testcase>
<testcase classname="TestAssetsMstest.One.ClassTwo" name="TestOneTwoPass" outcome="Passed" time="0.0001057" />
</testsuite>