<testsuite name="TestAssetsMstest.Two.ClassTwo" tests="6" failures="2" errors="0" skipped="0" time="0.6074297000000001" >
<testcase classname="TestAssetsMstest.Two.ClassTwo" name="TestTwoTwoPass" outcome="Passed" time="0.0006739" />
<testcase classname="TestAssetsMstest.Two.ClassTwo" name="TestTwoTwoLong" outcome="Passed" time="0.5495562" />
<testcase classname="TestAssetsMstest.Two.ClassTwo" name="TestTwoTwoParametrized" outcome="Failed" time="0.0298464"><failure>
MESSAGE:

+++++++++++++++++++
STACK TRACE:
</failure></testcase>
<testcase classname="TestAssetsMstest.Two.ClassTwo" name="TestTwoTwoParametrized (2,1)" outcome="Passed" time="0.0000737" />
<testcase classname="TestAssetsMstest.Two.ClassTwo" name="TestTwoTwoParametrized (4,2)" outcome="Passed" time="0.0000071" />
<testcase classname="TestAssetsMstest.Two.ClassTwo" name="TestTwoTwoParametrized (88,4)" outcome="Failed" time="0.0272724"><failure>
MESSAGE:
Assert.AreEqual failed. Expected:&lt;88&gt;. Actual:&lt;8&gt;. 
+++++++++++++++++++
STACK TRACE:
   at TestAssetsMstest.Two.ClassTwo.TestTwoTwoParametrized(Int32 expected, Int32 actual) in C:\TUYA\IN2TEST\github\dotnet-test-split\TestAssetsMstest\TestAssetsMstest.cs:line 80
</failure></testcase>
</testsuite>