<testsuite name="TestAssetsMstest.Two.ClassOne" tests="1" failures="0" errors="0" skipped="0" time="9.64E-05" >
<testcase classname="TestAssetsMstest.Two.ClassOne" name="TestTwoOnePass" outcome="Passed" time="0.0000964" />
</testsuite>