<testsuite name="TestAssetsMstest.Two.ClassTwo" tests="5" failures="1" errors="0" skipped="0" time="0.5451000999999999" >
<testcase classname="TestAssetsMstest.Two.ClassTwo" name="TestTwoTwoParametrized (4,2)" outcome="Passed" time="0.0001952" />
<testcase classname="TestAssetsMstest.Two.ClassTwo" name="TestTwoTwoLong" outcome="Passed" time="0.541202" />
<testcase classname="TestAssetsMstest.Two.ClassTwo" name="TestTwoTwoParametrized (2,1)" outcome="Passed" time="0.0002437" />
<testcase classname="TestAssetsMstest.Two.ClassTwo" name="TestTwoTwoPass" outcome="Passed" time="0.0004276" />
<testcase classname="TestAssetsMstest.Two.ClassTwo" name="TestTwoTwoParametrized (88,4)" outcome="Failed" time="0.0030316"><failure>
MESSAGE:
Assert.AreEqual failed. Expected:&lt;88&gt;. Actual:&lt;8&gt;. 
+++++++++++++++++++
STACK TRACE:
   at TestAssetsMstest.Two.ClassTwo.TestTwoTwoParametrized(Int32 expected, Int32 actual) in /home/runner/work/dotnet-test-split/dotnet-test-split/TestAssetsMstest/TestAssetsMstest.cs:line 80
   at InvokeStub_ClassTwo.TestTwoTwoParametrized(Object, Span`1)
   at System.Reflection.MethodBaseInvoker.InvokeWithFewArgs(Object obj, BindingFlags invokeAttr, Binder binder, Object[] parameters, CultureInfo culture)
</failure></testcase>
</testsuite>